Add Component: Footprint Not Found Driver
Add Component: Footprint Not Found Zener
Add Component: Footprint Not Found Zener
Add Component: Footprint Not Found Zener
Add Component: Footprint Not Found Zener
Add Pin To Net: Unknown Pin: Pin D?-1
Add Pin To Net: Unknown Pin: Pin D?-2
Add Pin To Net: Unknown Pin: Pin D?-3
Add Pin To Net: Unknown Pin: Pin D?-4
Add Pin To Net: Unknown Pin: Pin D?-5
Add Pin To Net: Unknown Pin: Pin D?-6
Add Pin To Net: Unknown Pin: Pin D?-7
Add Pin To Net: Unknown Pin: Pin D?-8
Add Pin To Net: Unknown Pin: Pin D?-9
Add Pin To Net: Unknown Pin: Pin D?-10
Add Pin To Net: Unknown Pin: Pin D?-12
Add Pin To Net: Unknown Pin: Pin D?-13
Add Pin To Net: Unknown Pin: Pin D?-15
Add Pin To Net: Unknown Pin: Pin D?-16
Add Pin To Net: Unknown Pin: Pin Z1-1
Add Pin To Net: Unknown Pin: Pin Z1-2
Add Pin To Net: Unknown Pin: Pin Z2-1
Add Pin To Net: Unknown Pin: Pin Z2-2
Add Pin To Net: Unknown Pin: Pin Z3-1
Add Pin To Net: Unknown Pin: Pin Z3-2
Add Pin To Net: Unknown Pin: Pin Z4-1
Add Pin To Net: Unknown Pin: Pin Z4-2
Add Class Member: Failed to add class member : Component D? L293D Driver
Add Class Member: Failed to add class member : Component Z1 Zener
Add Class Member: Failed to add class member : Component Z2 Zener
Add Class Member: Failed to add class member : Component Z3 Zener
Add Class Member: Failed to add class member : Component Z4 Zener
