Added Component: Designator=C1(Capacitor)
Added Component: Designator=C2(Capacitor)
Added Component: Designator=C3(Capacitor)
Added Component: Designator=C4(Capacitor)
Add Component: Footprint Not Found LCC16
Add Pin To Net: Unknown Pin: Pin C1-2
Add Pin To Net: Unknown Pin: Pin C3-1
Add Pin To Net: Unknown Pin: Pin C3-2
Add Pin To Net: Unknown Pin: Pin C4-1
Add Pin To Net: Unknown Pin: Pin C4-2
Add Pin To Net: Unknown Pin: Pin D1-5
Add Pin To Net: Unknown Pin: Pin D1-7
Add Pin To Net: Unknown Pin: Pin D1-9
Add Pin To Net: Unknown Pin: Pin D1-11
Add Pin To Net: Unknown Pin: Pin D1-15
Add Pin To Net: Unknown Pin: Pin D1-17
Added Net: Name=NetC1_1
Added Net: Name=NetC2_1
Added Net: Name=NetC2_2
Added Pin To Net: NetName=NetD1_4 Pin=R1-2
Added Net: Name=NetD1_4
Added Pin To Net: NetName=NetD1_6 Pin=R2-2
Added Net: Name=NetD1_6
Added Pin To Net: NetName=NetD1_8 Pin=j2-1
Added Net: Name=NetD1_8
Added Pin To Net: NetName=NetD1_10 Pin=j1-1
Added Net: Name=NetD1_10
Add Class Member: Failed to add class member : Component C1 1uf
Add Class Member: Failed to add class member : Component C2 1uf
Add Class Member: Failed to add class member : Component C3 1uf
Add Class Member: Failed to add class member : Component C4 1uf
Add Class Member: Failed to add class member : Component D1 DRV8874
